<?xml version="1.0" encoding="UTF-8"?>
<!-- Generated by org.testng.reporters.JUnitReportReporter -->
<testsuite hostname="Mukilan" failures="0" tests="1" name="tests.TC004_Cart_FunctionalityTest" time="19.798" errors="0" timestamp="2025-05-23T04:03:53 IST" skipped="0">
  <testcase classname="tests.TC004_Cart_FunctionalityTest" name="productAndCartTest" time="19.798">
    <system-out>
      <![CDATA[Redirection to the product details page upon clicking a product is verified
The displayed information accuracy successfully
The product count increments in the cart after addition is verified]]>
    </system-out>
  </testcase> <!-- productAndCartTest -->
  <system-out>
    <![CDATA[Redirection to the product details page upon clicking a product is verified
The displayed information accuracy successfully
The product count increments in the cart after addition is verified]]>
  </system-out>
</testsuite> <!-- tests.TC004_Cart_FunctionalityTest -->
