<?xml version="1.0" encoding="UTF-8"?>
<!-- Generated by org.testng.reporters.JUnitReportReporter -->
<testsuite hostname="Mukilan" failures="0" tests="1" name="tests.TC005_Purchase_FunctionTest" time="9.093" errors="0" timestamp="2025-05-23T05:01:09 IST" skipped="0">
  <testcase classname="tests.TC005_Purchase_FunctionTest" name="purchaseFunctionTest" time="9.093">
    <system-out>
      <![CDATA[Redirection to the place order window from the cart page is verified
Presence of all user details sections are verified
Successful payment processing with valid payment details verified]]>
    </system-out>
  </testcase> <!-- purchaseFunctionTest -->
  <system-out>
    <![CDATA[Redirection to the place order window from the cart page is verified
Presence of all user details sections are verified
Successful payment processing with valid payment details verified]]>
  </system-out>
</testsuite> <!-- tests.TC005_Purchase_FunctionTest -->
