<?xml version="1.0" encoding="UTF-8"?>
<!-- Generated by org.testng.reporters.JUnitReportReporter -->
<testsuite hostname="Mukilan" failures="0" tests="1" name="tests.TC006_Logout_FunctionTest" time="8.240" errors="0" timestamp="2025-05-22T10:53:36 IST" skipped="0">
  <testcase classname="tests.TC006_Logout_FunctionTest" name="logoutTest" time="8.240">
    <system-out>
      <![CDATA[visibility of the Log out button in the user dashboard verified
Redirection to the home page after clicking Log out button verified]]>
    </system-out>
  </testcase> <!-- logoutTest -->
  <system-out>
    <![CDATA[visibility of the Log out button in the user dashboard verified
Redirection to the home page after clicking Log out button verified]]>
  </system-out>
</testsuite> <!-- tests.TC006_Logout_FunctionTest -->
