<?xml version="1.0" encoding="UTF-8"?>
<!-- Generated by org.testng.reporters.JUnitReportReporter -->
<testsuite hostname="Mukilan" failures="0" tests="1" name="tests.TC003_Product_Categories_and_DisplayTest" time="7.149" errors="0" timestamp="2025-05-23T09:15:02 IST" skipped="0">
  <testcase classname="tests.TC003_Product_Categories_and_DisplayTest" name="productTest" time="7.149">
    <system-out>
      <![CDATA[“Welcome user” is displayed on the homepage
All menu items are displayed on the homepage.
All categories are listed on the homepage.
Application logo is displayed on the homepage]]>
    </system-out>
  </testcase> <!-- productTest -->
  <system-out>
    <![CDATA[Signup Button is Visible on the HomePage
Signup Button is clickable on the HomePage
opening the sign up window after clicking Sign up is Successful
Login Button is Visible on the HomePage
Login Button is Clickable
redirection to the user dashboard using valid credentials is successful
“Welcome user” is displayed on the homepage
All menu items are displayed on the homepage.
All categories are listed on the homepage.
Application logo is displayed on the homepage
Redirection to the product details page upon clicking a product is verified
The displayed information accuracy successfully
The product count increments in the cart after addition is verified
Process of completing an order by clicking the purchase button verified
Accurate calculation of the total price after modifications are verified
Process of completing an order by clicking the purchase button verified
Redirection to the place order window from the cart page is verified
Presence of all user details sections are verified
Successful payment processing with valid payment details verified
visibility of the Log out button in the user dashboard verified
Redirection to the home page after clicking Log out button verified]]>
  </system-out>
</testsuite> <!-- tests.TC003_Product_Categories_and_DisplayTest -->
